生成启动时间为 2012-5-5 18:26:23。
     1>项目“F:\code\SMYS_WINIOS_VERSION\cocos2d-x\cocos2dx\proj.win32\cocos2d-win32.vcxproj”在节点 2 上(build 个目标)。
     1>InitializeBuildStatus:
         正在创建“Release.win32\libcocos2d.unsuccessfulbuild”，因为已指定“AlwaysCreate”。
       ClCompile:
         C:\Program Files\Microsoft Visual Studio 10.0\VC\bin\CL.exe /c /I..\platform /I..\platform\third_party\win32\iconv /I..\platform\third_party\win32\zlib /I..\platform\third_party\win32\libpng /I..\platform\third_party\win32\libjpeg /I..\platform\third_party\win32\pthread /I..\platform\third_party\win32\libxml2 /I..\platform\third_party\win32\OGLES /I..\include /I.. /Zi /nologo /W3 /WX- /O2 /Oy- /D WIN32 /D NDEBUG /D _WINDOWS /D _USRDLL /D COCOS2DXWIN32_EXPORTS /D GL_GLEXT_PROTOTYPES /D _WINDLL /D _UNICODE /D UNICODE /Gm- /EHsc /MD /GS /fp:precise /Zc:wchar_t /Zc:forScope /Fo"Release.win32\\" /Fd"Release.win32\vc100.pdb" /Gd /TP /wd4251 /wd4996 /wd4267 /analyze- /errorReport:prompt ..\base_nodes\CCAtlasNode.cpp ..\base_nodes\CCNode.cpp ..\cocoa\CCAffineTransform.cpp ..\cocoa\CCAutoreleasePool.cpp ..\cocoa\CCData.cpp ..\cocoa\CCGeometry.cpp ..\cocoa\CCNS.cpp ..\cocoa\CCObject.cpp ..\cocoa\CCSet.cpp ..\cocoa\CCZone.cpp ..\effects\CCGrabber.cpp ..\effects\CCGrid.cpp ..\actions\CCAction.cpp ..\actions\CCActionCamera.cpp ..\actions\CCActionEase.cpp ..\actions\CCActionGrid.cpp ..\actions\CCActionGrid3D.cpp ..\actions\CCActionInstant.cpp ..\actions\CCActionInterval.cpp ..\actions\CCActionManager.cpp ..\actions\CCActionPageTurn3D.cpp ..\actions\CCActionProgressTimer.cpp ..\actions\CCActionTiledGrid.cpp ..\extensions\CCNotificationCenter.cpp ..\label_nodes\CCLabelAtlas.cpp ..\label_nodes\CCLabelBMFont.cpp ..\label_nodes\CCLabelTTF.cpp ..\layers_scenes_transitions_nodes\CCLayer.cpp ..\layers_scenes_transitions_nodes\CCScene.cpp ..\layers_scenes_transitions_nodes\CCTransition.cpp ..\layers_scenes_transitions_nodes\CCTransitionPageTurn.cpp ..\layers_scenes_transitions_nodes\CCTransitionRadial.cpp ..\menu_nodes\CCMenu.cpp ..\menu_nodes\CCMenuItem.cpp ..\misc_nodes\CCMotionStreak.cpp ..\misc_nodes\CCProgressTimer.cpp ..\misc_nodes\CCRenderTexture.cpp ..\misc_nodes\CCRibbon.cpp ..\particle_nodes\CCParticleExamples.cpp ..\particle_nodes\CCParticleSystem.cpp ..\particle_nodes\CCParticleSystemPoint.cpp ..\particle_nodes\CCParticleSystemQuad.cpp ..\platform\CCCommon.cpp ..\platform\CCFileUtils.cpp ..\platform\CCGL.cpp ..\platform\CCImage.cpp ..\platform\CCSAXParser.cpp ..\platform\CCStdC.cpp ..\platform\CCThread.cpp ..\platform\platform.cpp ..\platform\win32\CCAccelerometer_win32.cpp ..\platform\win32\CCApplication_win32.cpp ..\platform\win32\CCEGLView_win32.cpp ..\sprite_nodes\CCAnimation.cpp ..\sprite_nodes\CCAnimationCache.cpp ..\sprite_nodes\CCSprite.cpp ..\sprite_nodes\CCSpriteBatchNode.cpp ..\sprite_nodes\CCSpriteFrame.cpp ..\sprite_nodes\CCSpriteFrameCache.cpp ..\support\base64.cpp ..\support\CCArray.cpp ..\support\CCPointExtension.cpp ..\support\CCProfiling.cpp ..\support\CCUserDefault.cpp ..\support\ccUtils.cpp ..\support\TransformUtils.cpp ..\support\image_support\TGAlib.cpp ..\support\zip_support\ioapi.cpp ..\support\zip_support\unzip.cpp ..\support\zip_support\ZipUtils.cpp ..\textures\CCTexture2D.cpp ..\textures\CCTextureAtlas.cpp ..\textures\CCTextureCache.cpp ..\textures\CCTexturePVR.cpp ..\tileMap_parallax_nodes\CCParallaxNode.cpp ..\tileMap_parallax_nodes\CCTileMapAtlas.cpp ..\tileMap_parallax_nodes\CCTMXLayer.cpp ..\tileMap_parallax_nodes\CCTMXObjectGroup.cpp ..\tileMap_parallax_nodes\CCTMXTiledMap.cpp ..\tileMap_parallax_nodes\CCTMXXMLParser.cpp ..\touch_dispatcher\CCTouchDispatcher.cpp ..\touch_dispatcher\CCTouchHandler.cpp ..\keypad_dispatcher\CCKeypadDelegate.cpp ..\keypad_dispatcher\CCKeypadDispatcher.cpp ..\text_input_node\CCIMEDispatcher.cpp ..\text_input_node\CCTextFieldTTF.cpp ..\script_support\CCScriptSupport.cpp ..\CCCamera.cpp ..\CCConfiguration.cpp ..\CCDirector.cpp ..\CCDrawingPrimitives.cpp ..\CCScheduler.cpp ..\cocos2d.cpp
         CCAtlasNode.cpp
         CCNode.cpp
         CCAffineTransform.cpp
         CCAutoreleasePool.cpp
         CCData.cpp
         CCGeometry.cpp
         CCNS.cpp
         CCObject.cpp
         CCSet.cpp
         CCZone.cpp
         CCGrabber.cpp
         CCGrid.cpp
         CCAction.cpp
         CCActionCamera.cpp
         CCActionEase.cpp
         CCActionGrid.cpp
         CCActionGrid3D.cpp
         CCActionInstant.cpp
         CCActionInterval.cpp
         CCActionManager.cpp
         正在生成代码...
         正在编译...
         CCActionPageTurn3D.cpp
         CCActionProgressTimer.cpp
         CCActionTiledGrid.cpp
         CCNotificationCenter.cpp
         CCLabelAtlas.cpp
         CCLabelBMFont.cpp
     1>..\label_nodes\CCLabelBMFont.cpp(805): warning C4146: 一元负运算符应用于无符号类型，结果仍为无符号类型
     1>..\label_nodes\CCLabelBMFont.cpp(1042): warning C4018: “>=”: 有符号/无符号不匹配
     1>..\label_nodes\CCLabelBMFont.cpp(1076): warning C4018: “>=”: 有符号/无符号不匹配
     1>..\label_nodes\CCLabelBMFont.cpp(1140): warning C4018: “>=”: 有符号/无符号不匹配
     1>..\label_nodes\CCLabelBMFont.cpp(1218): warning C4018: “<”: 有符号/无符号不匹配
         CCLabelTTF.cpp
         CCLayer.cpp
     1>..\layers_scenes_transitions_nodes\CCLayer.cpp(275): warning C4800: “int”: 将值强制为布尔值“true”或“false”(性能警告)
         CCScene.cpp
         CCTransition.cpp
         CCTransitionPageTurn.cpp
         CCTransitionRadial.cpp
         CCMenu.cpp
         CCMenuItem.cpp
         CCMotionStreak.cpp
         CCProgressTimer.cpp
         CCRenderTexture.cpp
         CCRibbon.cpp
         CCParticleExamples.cpp
         CCParticleSystem.cpp
         正在生成代码...
         正在编译...
         CCParticleSystemPoint.cpp
         CCParticleSystemQuad.cpp
         CCCommon.cpp
         CCFileUtils.cpp
         CCGL.cpp
         CCImage.cpp
         CCSAXParser.cpp
         CCStdC.cpp
         CCThread.cpp
         platform.cpp
         CCAccelerometer_win32.cpp
         CCApplication_win32.cpp
         CCEGLView_win32.cpp
         CCAnimation.cpp
         CCAnimationCache.cpp
         CCSprite.cpp
         CCSpriteBatchNode.cpp
         CCSpriteFrame.cpp
         CCSpriteFrameCache.cpp
         base64.cpp
         正在生成代码...
         正在编译...
         CCArray.cpp
         CCPointExtension.cpp
         CCProfiling.cpp
         CCUserDefault.cpp
         ccUtils.cpp
         TransformUtils.cpp
         TGAlib.cpp
         ioapi.cpp
         unzip.cpp
         ZipUtils.cpp
         CCTexture2D.cpp
         CCTextureAtlas.cpp
         CCTextureCache.cpp
         CCTexturePVR.cpp
     1>..\textures\CCTexturePVR.cpp(247): warning C4800: “unsigned int”: 将值强制为布尔值“true”或“false”(性能警告)
         CCParallaxNode.cpp
         CCTileMapAtlas.cpp
         CCTMXLayer.cpp
         CCTMXObjectGroup.cpp
         CCTMXTiledMap.cpp
         CCTMXXMLParser.cpp
         正在生成代码...
         正在编译...
         CCTouchDispatcher.cpp
         CCTouchHandler.cpp
         CCKeypadDelegate.cpp
         CCKeypadDispatcher.cpp
         CCIMEDispatcher.cpp
         CCTextFieldTTF.cpp
         CCScriptSupport.cpp
         CCCamera.cpp
         CCConfiguration.cpp
         CCDirector.cpp
         CCDrawingPrimitives.cpp
         CCScheduler.cpp
         cocos2d.cpp
         正在生成代码...
       ManifestResourceCompile:
         C:\Program Files\Microsoft SDKs\Windows\v7.0A\bin\rc.exe /nologo /fo"Release.win32\libcocos2d.dll.embed.manifest.res" Release.win32\libcocos2d_manifest.rc 
       PreLinkEvent:
         if not exist "F:\code\SMYS_WINIOS_VERSION\Release.win32\" mkdir "F:\code\SMYS_WINIOS_VERSION\Release.win32\"
         xcopy /Y /Q "F:\code\SMYS_WINIOS_VERSION\cocos2dx\platform\third_party\win32\libraries\*.*" "F:\code\SMYS_WINIOS_VERSION\Release.win32\"
         
         :VCEnd
         找不到文件 - *.*
         复制了 0 个文件
     1>C:\Program Files\MSBuild\Microsoft.Cpp\v4.0\Microsoft.CppCommon.targets(108,5): error MSB3073: 命令“if not exist "F:\code\SMYS_WINIOS_VERSION\Release.win32\" mkdir "F:\code\SMYS_WINIOS_VERSION\Release.win32\"
C:\Program Files\MSBuild\Microsoft.Cpp\v4.0\Microsoft.CppCommon.targets(108,5): error MSB3073: xcopy /Y /Q "F:\code\SMYS_WINIOS_VERSION\cocos2dx\platform\third_party\win32\libraries\*.*" "F:\code\SMYS_WINIOS_VERSION\Release.win32\"
C:\Program Files\MSBuild\Microsoft.Cpp\v4.0\Microsoft.CppCommon.targets(108,5): error MSB3073: 
C:\Program Files\MSBuild\Microsoft.Cpp\v4.0\Microsoft.CppCommon.targets(108,5): error MSB3073: :VCEnd”已退出，代码为 4。
     1>已完成生成项目“F:\code\SMYS_WINIOS_VERSION\cocos2d-x\cocos2dx\proj.win32\cocos2d-win32.vcxproj”(build 个目标)的操作 - 失败。

生成失败。

已用时间 00:02:58.90
